# JRE version: Java(TM) SE Runtime Environment (8.0_66-b18) (build 1.8.0_66-b18)
# Java VM: Java HotSpot(TM) 64-Bit Server VM (25.66-b18 mixed mode windows-amd64 compressed oops)
Heap:
 PSYoungGen      total 70144K, used 27584K [0x00000000f5580000, 0x00000000fa480000, 0x0000000100000000)
  eden space 59392K, 41% used [0x00000000f5580000,0x00000000f6dcd578,0x00000000f8f80000)
  from space 10752K, 25% used [0x00000000f9a00000,0x00000000f9ca2bc8,0x00000000fa480000)
  to   space 10752K, 0% used [0x00000000f8f80000,0x00000000f8f80000,0x00000000f9a00000)
 ParOldGen       total 141824K, used 81931K [0x00000000e0000000, 0x00000000e8a80000, 0x00000000f5580000)
  object space 141824K, 57% used [0x00000000e0000000,0x00000000e5002ef0,0x00000000e8a80000)
 Metaspace       used 110800K, capacity 118728K, committed 119040K, reserved 1153024K
  class space    used 12735K, capacity 15232K, committed 15360K, reserved 1048576K
GC Heap History (10 events):
Event: 5426.689 GC heap before
{Heap before GC invocations=216 (full 12):
 PSYoungGen      total 61952K, used 60096K [0x00000000f5580000, 0x00000000f9d80000, 0x0000000100000000)
  eden space 53760K, 100% used [0x00000000f5580000,0x00000000f8a00000,0x00000000f8a00000)
  from space 8192K, 77% used [0x00000000f8a00000,0x00000000f90301e0,0x00000000f9200000)
  to   space 8192K, 0% used [0x00000000f9580000,0x00000000f9580000,0x00000000f9d80000)
 ParOldGen       total 141824K, used 81121K [0x00000000e0000000, 0x00000000e8a80000, 0x00000000f5580000)
  object space 141824K, 57% used [0x00000000e0000000,0x00000000e4f38740,0x00000000e8a80000)
 Metaspace       used 110098K, capacity 118108K, committed 118400K, reserved 1153024K
  class space    used 12655K, capacity 15136K, committed 15232K, reserved 1048576K
Event: 5426.694 GC heap after
Heap after GC invocations=216 (full 12):
 PSYoungGen      total 64512K, used 8025K [0x00000000f5580000, 0x00000000f9f00000, 0x0000000100000000)
  eden space 56320K, 0% used [0x00000000f5580000,0x00000000f5580000,0x00000000f8c80000)
  from space 8192K, 97% used [0x00000000f9580000,0x00000000f9d56518,0x00000000f9d80000)
  to   space 9216K, 0% used [0x00000000f8c80000,0x00000000f8c80000,0x00000000f9580000)
 ParOldGen       total 141824K, used 81121K [0x00000000e0000000, 0x00000000e8a80000, 0x00000000f5580000)
  object space 141824K, 57% used [0x00000000e0000000,0x00000000e4f38740,0x00000000e8a80000)
 Metaspace       used 110098K, capacity 118108K, committed 118400K, reserved 1153024K
  class space    used 12655K, capacity 15136K, committed 15232K, reserved 1048576K
}
Event: 5438.156 GC heap before
{Heap before GC invocations=217 (full 12):
 PSYoungGen      total 64512K, used 64345K [0x00000000f5580000, 0x00000000f9f00000, 0x0000000100000000)
  eden space 56320K, 100% used [0x00000000f5580000,0x00000000f8c80000,0x00000000f8c80000)
  from space 8192K, 97% used [0x00000000f9580000,0x00000000f9d56518,0x00000000f9d80000)
  to   space 9216K, 0% used [0x00000000f8c80000,0x00000000f8c80000,0x00000000f9580000)
 ParOldGen       total 141824K, used 81121K [0x00000000e0000000, 0x00000000e8a80000, 0x00000000f5580000)
  object space 141824K, 57% used [0x00000000e0000000,0x00000000e4f38740,0x00000000e8a80000)
 Metaspace       used 110120K, capacity 118172K, committed 118400K, reserved 1153024K
  class space    used 12657K, capacity 15136K, committed 15232K, reserved 1048576K
Event: 5438.161 GC heap after
Heap after GC invocations=217 (full 12):
 PSYoungGen      total 65536K, used 8192K [0x00000000f5580000, 0x00000000fa200000, 0x0000000100000000)
  eden space 56320K, 0% used [0x00000000f5580000,0x00000000f5580000,0x00000000f8c80000)
  from space 9216K, 88% used [0x00000000f8c80000,0x00000000f9480300,0x00000000f9580000)
  to   space 9728K, 0% used [0x00000000f9880000,0x00000000f9880000,0x00000000fa200000)
 ParOldGen       total 141824K, used 81121K [0x00000000e0000000, 0x00000000e8a80000, 0x00000000f5580000)
  object space 141824K, 57% used [0x00000000e0000000,0x00000000e4f38740,0x00000000e8a80000)
 Metaspace       used 110120K, capacity 118172K, committed 118400K, reserved 1153024K
  class space    used 12657K, capacity 15136K, committed 15232K, reserved 1048576K
}
Event: 5719.044 GC heap before
{Heap before GC invocations=218 (full 12):
 PSYoungGen      total 65536K, used 64512K [0x00000000f5580000, 0x00000000fa200000, 0x0000000100000000)
  eden space 56320K, 100% used [0x00000000f5580000,0x00000000f8c80000,0x00000000f8c80000)
  from space 9216K, 88% used [0x00000000f8c80000,0x00000000f9480300,0x00000000f9580000)
  to   space 9728K, 0% used [0x00000000f9880000,0x00000000f9880000,0x00000000fa200000)
 ParOldGen       total 141824K, used 81121K [0x00000000e0000000, 0x00000000e8a80000, 0x00000000f5580000)
  object space 141824K, 57% used [0x00000000e0000000,0x00000000e4f38740,0x00000000e8a80000)
 Metaspace       used 110150K, capacity 118172K, committed 118400K, reserved 1153024K
  class space    used 12657K, capacity 15136K, committed 15232K, reserved 1048576K
Event: 5719.053 GC heap after
Heap after GC invocations=218 (full 12):
 PSYoungGen      total 67584K, used 9139K [0x00000000f5580000, 0x00000000fa380000, 0x0000000100000000)
  eden space 57856K, 0% used [0x00000000f5580000,0x00000000f5580000,0x00000000f8e00000)
  from space 9728K, 93% used [0x00000000f9880000,0x00000000fa16cee8,0x00000000fa200000)
  to   space 10752K, 0% used [0x00000000f8e00000,0x00000000f8e00000,0x00000000f9880000)
 ParOldGen       total 141824K, used 81129K [0x00000000e0000000, 0x00000000e8a80000, 0x00000000f5580000)
  object space 141824K, 57% used [0x00000000e0000000,0x00000000e4f3a740,0x00000000e8a80000)
 Metaspace       used 110150K, capacity 118172K, committed 118400K, reserved 1153024K
  class space    used 12657K, capacity 15136K, committed 15232K, reserved 1048576K
}
Event: 6240.615 GC heap before
{Heap before GC invocations=219 (full 12):
 PSYoungGen      total 67584K, used 66995K [0x00000000f5580000, 0x00000000fa380000, 0x0000000100000000)
  eden space 57856K, 100% used [0x00000000f5580000,0x00000000f8e00000,0x00000000f8e00000)
  from space 9728K, 93% used [0x00000000f9880000,0x00000000fa16cee8,0x00000000fa200000)
  to   space 10752K, 0% used [0x00000000f8e00000,0x00000000f8e00000,0x00000000f9880000)
 ParOldGen       total 141824K, used 81129K [0x00000000e0000000, 0x00000000e8a80000, 0x00000000f5580000)
  object space 141824K, 57% used [0x00000000e0000000,0x00000000e4f3a740,0x00000000e8a80000)
 Metaspace       used 110233K, capacity 118180K, committed 118400K, reserved 1153024K
  class space    used 12669K, capacity 15136K, committed 15232K, reserved 1048576K
Event: 6240.621 GC heap after
Heap after GC invocations=219 (full 12):
 PSYoungGen      total 68608K, used 3562K [0x00000000f5580000, 0x00000000fa480000, 0x0000000100000000)
  eden space 57856K, 0% used [0x00000000f5580000,0x00000000f5580000,0x00000000f8e00000)
  from space 10752K, 33% used [0x00000000f8e00000,0x00000000f917ab98,0x00000000f9880000)
  to   space 10752K, 0% used [0x00000000f9a00000,0x00000000f9a00000,0x00000000fa480000)
 ParOldGen       total 141824K, used 81839K [0x00000000e0000000, 0x00000000e8a80000, 0x00000000f5580000)
  object space 141824K, 57% used [0x00000000e0000000,0x00000000e4febe10,0x00000000e8a80000)
 Metaspace       used 110233K, capacity 118180K, committed 118400K, reserved 1153024K
  class space    used 12669K, capacity 15136K, committed 15232K, reserved 1048576K
}
Event: 6591.379 GC heap before
{Heap before GC invocations=220 (full 12):
 PSYoungGen      total 68608K, used 61418K [0x00000000f5580000, 0x00000000fa480000, 0x0000000100000000)
  eden space 57856K, 100% used [0x00000000f5580000,0x00000000f8e00000,0x00000000f8e00000)
  from space 10752K, 33% used [0x00000000f8e00000,0x00000000f917ab98,0x00000000f9880000)
  to   space 10752K, 0% used [0x00000000f9a00000,0x00000000f9a00000,0x00000000fa480000)
 ParOldGen       total 141824K, used 81839K [0x00000000e0000000, 0x00000000e8a80000, 0x00000000f5580000)
  object space 141824K, 57% used [0x00000000e0000000,0x00000000e4febe10,0x00000000e8a80000)
 Metaspace       used 110390K, capacity 118340K, committed 118656K, reserved 1153024K
  class space    used 12689K, capacity 15168K, committed 15232K, reserved 1048576K
Event: 6591.384 GC heap after
Heap after GC invocations=220 (full 12):
 PSYoungGen      total 70144K, used 2698K [0x00000000f5580000, 0x00000000fa480000, 0x0000000100000000)
  eden space 59392K, 0% used [0x00000000f5580000,0x00000000f5580000,0x00000000f8f80000)
  from space 10752K, 25% used [0x00000000f9a00000,0x00000000f9ca2bc8,0x00000000fa480000)
  to   space 10752K, 0% used [0x00000000f8f80000,0x00000000f8f80000,0x00000000f9a00000)
 ParOldGen       total 141824K, used 81931K [0x00000000e0000000, 0x00000000e8a80000, 0x00000000f5580000)
  object space 141824K, 57% used [0x00000000e0000000,0x00000000e5002ef0,0x00000000e8a80000)
 Metaspace       used 110390K, capacity 118340K, committed 118656K, reserved 1153024K
  class space    used 12689K, capacity 15168K, committed 15232K, reserved 1048576K
}

